0 info it worked if it ends with ok
1 verbose cli [ 'c:\\Program Files\\nodejs\\node.exe',
1 verbose cli   'c:\\Program Files\\nodejs\\node_modules\\npm\\bin\\npm-cli.js',
1 verbose cli   'start' ]
2 info using npm@2.7.4
3 info using node@v0.12.2
4 verbose run-script [ 'prestart', 'start', 'poststart' ]
5 info prestart DX@0.1.0
6 verbose unsafe-perm in lifecycle true
7 info start DX@0.1.0
8 verbose unsafe-perm in lifecycle true
9 info DX@0.1.0 Failed to exec start script
10 verbose stack Error: DX@0.1.0 start: `http-server app/  -a localhost -p 8000 -c-1`
10 verbose stack Exit status 1
10 verbose stack     at EventEmitter.<anonymous> (c:\Program Files\nodejs\node_modules\npm\lib\utils\lifecycle.js:213:16)
10 verbose stack     at EventEmitter.emit (events.js:110:17)
10 verbose stack     at ChildProcess.<anonymous> (c:\Program Files\nodejs\node_modules\npm\lib\utils\spawn.js:14:12)
10 verbose stack     at ChildProcess.emit (events.js:110:17)
10 verbose stack     at maybeClose (child_process.js:1015:16)
10 verbose stack     at Process.ChildProcess._handle.onexit (child_process.js:1087:5)
11 verbose pkgid DX@0.1.0
12 verbose cwd e:\mygitproject\DX
13 error Windows_NT 6.1.7601
14 error argv "c:\\Program Files\\nodejs\\node.exe" "c:\\Program Files\\nodejs\\node_modules\\npm\\bin\\npm-cli.js" "start"
15 error node v0.12.2
16 error npm  v2.7.4
17 error code ELIFECYCLE
18 error DX@0.1.0 start: `http-server app/  -a localhost -p 8000 -c-1`
18 error Exit status 1
19 error Failed at the DX@0.1.0 start script 'http-server app/  -a localhost -p 8000 -c-1'.
19 error This is most likely a problem with the DX package,
19 error not with npm itself.
19 error Tell the author that this fails on your system:
19 error     http-server app/  -a localhost -p 8000 -c-1
19 error You can get their info via:
19 error     npm owner ls DX
19 error There is likely additional logging output above.
20 verbose exit [ 1, true ]
